#
# A fatal error has been detected by the Java Runtime Environment:
#
#  EXCEPTION_ACCESS_VIOLATION (0xc0000005) at pc=0x00007ffd391c4039, pid=2744, tid=12892
#
# JRE version: OpenJDK Runtime Environment Corretto-11.0.15.9.1 (11.0.15+9) (build 11.0.15+9-LTS)
# Java VM: OpenJDK 64-Bit Server VM Corretto-11.0.15.9.1 (11.0.15+9-LTS, mixed mode, tiered, compressed oops, g1 gc, windows-amd64)
# Problematic frame:
# V  [jvm.dll+0x684039]
#
# No core dump will be written. Minidumps are not enabled by default on client versions of Windows
#
# If you would like to submit a bug report, please visit:
#   https://github.com/corretto/corretto-11/issues/
#

---------------  S U M M A R Y ------------

Command Line: -XX:TieredStopAtLevel=1 -Xverify:none -Dspring.output.ansi.enabled=always -Dcom.sun.management.jmxremote -Dspring.jmx.enabled=true -Dspring.liveBeansView.mbeanDomain -Dspring.application.admin.enabled=true -javaagent:C:\Program Files\JetBrains\IntelliJ IDEA 2022.1.3\lib\idea_rt.jar=58782:C:\Program Files\JetBrains\IntelliJ IDEA 2022.1.3\bin -Dfile.encoding=UTF-8 -agentpath:C:\Program Files\Palo Alto Networks\Traps\cyjagent.dll com.example.backendproject.BackendProjectApplication

Host: Intel(R) Core(TM) i5-10500T CPU @ 2.30GHz, 12 cores, 15G,  Windows 10 , 64 bit Build 19041 (10.0.19041.1889)
Time: Thu Sep  1 17:48:53 2022 Central America Standard Time elapsed time: 1568.104569 seconds (0d 0h 26m 8s)

---------------  T H R E A D  ---------------

Current thread (0x000001ced613c000):  GCTaskThread "GC Thread#3" [stack: 0x0000008462200000,0x0000008462300000] [id=12892]

Stack: [0x0000008462200000,0x0000008462300000],  sp=0x00000084622ff580,  free space=1021k
Native frames: (J=compiled Java code, j=interpreted, Vv=VM code, C=native code)
V  [jvm.dll+0x684039]
V  [jvm.dll+0x76c6ec]
V  [jvm.dll+0x685124]
V  [jvm.dll+0x7dbd30]
V  [jvm.dll+0x7671b4]
V  [jvm.dll+0x61d616]
C  [ucrtbase.dll+0x21bb2]
C  [cyinjct.dll+0x11e7]
C  [KERNEL32.DLL+0x17034]
C  [ntdll.dll+0x52651]


siginfo: EXCEPTION_ACCESS_VIOLATION (0xc0000005), reading address 0x00007ffdff000020


Register to memory mapping:

RIP=0x00007ffd391c4039 jvm.dll
RAX=0x00007ffdff000000 is an unknown value
RBX=0x000001ced5681000 is a thread
RCX=0x000001ced5681000 is a thread
RDX=0x00007ffd3960a790 jvm.dll
RSP=0x00000084622ff580 points into unknown readable memory: 0x0000000000000006 | 06 00 00 00 00 00 00 00
RBP=0x0000000000000002 is an unknown value
RSI=0x0000000000000006 is an unknown value
RDI=0x00000084614ff0b8 points into unknown readable memory: 0x00007ffd3944bf40 | 40 bf 44 39 fd 7f 00 00
R8 =0x0000000000000001 is an unknown value
R9 =0x000001ceaeb9e1d8 points into unknown readable memory: 0x000001ced613c000 | 00 c0 13 d6 ce 01 00 00
R10=0x0 is NULL
R11=0x0000000000000246 is an unknown value
R12=0x000000000000001d is an unknown value
R13=0x0000000000000001 is an unknown value
R14=0x000001ced5681000 is a thread
R15=0x00000084614ff0b8 points into unknown readable memory: 0x00007ffd3944bf40 | 40 bf 44 39 fd 7f 00 00


Registers:
RAX=0x00007ffdff000000, RBX=0x000001ced5681000, RCX=0x000001ced5681000, RDX=0x00007ffd3960a790
RSP=0x00000084622ff580, RBP=0x0000000000000002, RSI=0x0000000000000006, RDI=0x00000084614ff0b8
R8 =0x0000000000000001, R9 =0x000001ceaeb9e1d8, R10=0x0000000000000000, R11=0x0000000000000246
R12=0x000000000000001d, R13=0x0000000000000001, R14=0x000001ced5681000, R15=0x00000084614ff0b8
RIP=0x00007ffd391c4039, EFLAGS=0x0000000000010206

Top of Stack: (sp=0x00000084622ff580)
0x00000084622ff580:   0000000000000006 000001ced5681000
0x00000084622ff590:   0000000000000000 0000000000000000
0x00000084622ff5a0:   000001ced7b3f090 00007ffd392ac6ec
0x00000084622ff5b0:   0000000000000001 0000000000000000
0x00000084622ff5c0:   0000000000000000 00007ffd3931bccb
0x00000084622ff5d0:   00000084614ff090 0000000000000000
0x00000084622ff5e0:   0000000000000000 0000000000000000
0x00000084622ff5f0:   00000000000075a3 00007ffd391c5124
0x00000084622ff600:   000001ced613c000 00000084622ff700
0x00000084622ff610:   0000000000000000 0000000000000400
0x00000084622ff620:   0000000000000000 0000000000000000
0x00000084622ff630:   00000002aeb8ee00 00007ffd38e1fb94
0x00000084622ff640:   000001ced7920160 0000000000000000
0x00000084622ff650:   0000000000000000 0000000000000300
0x00000084622ff660:   000001ced5d06370 000001ced7920160
0x00000084622ff670:   0000000000000000 0000000000000000 

Instructions: (pc=0x00007ffd391c4039)
0x00007ffd391c3f39:   83 d8 00 00 00 c1 e8 1d a8 01 75 0d 8b 83 d8 00
0x00007ffd391c3f49:   00 00 c1 e8 02 a8 01 74 31 48 8b 83 c8 03 00 00
0x00007ffd391c3f59:   0f b6 08 84 c9 75 19 83 ff 05 74 14 b2 01 48 8b
0x00007ffd391c3f69:   cb 48 8b 7c 24 40 48 83 c4 30 5b e9 07 60 0e 00
0x00007ffd391c3f79:   33 d2 48 8b cb e8 fd 5f 0e 00 48 8b 7c 24 40 48
0x00007ffd391c3f89:   83 c4 30 5b c3 cc cc 40 53 48 83 ec 20 45 33 c0
0x00007ffd391c3f99:   48 8b d9 41 8d 50 02 8d 4a 16 e8 88 55 a3 ff 48
0x00007ffd391c3fa9:   85 c0 74 1f 48 89 58 08 c7 40 10 00 00 00 00 c6
0x00007ffd391c3fb9:   40 01 00 c6 00 00 48 89 83 c8 03 00 00 48 83 c4
0x00007ffd391c3fc9:   20 5b c3 48 c7 83 c8 03 00 00 00 00 00 00 48 83
0x00007ffd391c3fd9:   c4 20 5b c3 cc cc cc 40 53 48 83 ec 20 48 8b d9
0x00007ffd391c3fe9:   48 8b 89 c8 03 00 00 48 85 c9 74 10 e8 b6 54 a3
0x00007ffd391c3ff9:   ff 48 c7 83 c8 03 00 00 00 00 00 00 48 83 c4 20
0x00007ffd391c4009:   5b c3 cc cc cc cc cc 48 89 5c 24 08 57 48 83 ec
0x00007ffd391c4019:   20 48 8b da 48 8b f9 48 8b 51 10 48 8b cb e8 14
0x00007ffd391c4029:   8a 0b 00 48 83 7f 08 00 74 2a 48 8b 03 48 8b cb
0x00007ffd391c4039:   ff 50 20 84 c0 74 1d 48 8b 03 48 8b cb ff 50 30
0x00007ffd391c4049:   84 c0 75 10 48 8b 03 48 8b cb 48 8b 57 08 ff 90
0x00007ffd391c4059:   b0 00 00 00 48 8b 5c 24 30 48 83 c4 20 5f c3 cc
0x00007ffd391c4069:   cc cc cc cc cc cc cc 48 89 5c 24 08 57 48 81 ec
0x00007ffd391c4079:   80 00 00 00 80 3d 2d c1 42 00 00 0f 57 c0 f3 0f
0x00007ffd391c4089:   7f 44 24 20 c6 44 24 30 00 74 0f c6 44 24 30 01
0x00007ffd391c4099:   e8 52 27 0f 00 48 89 44 24 20 8b 05 93 15 44 00
0x00007ffd391c40a9:   33 ff ff c0 40 38 3d 24 90 42 00 89 05 82 15 44
0x00007ffd391c40b9:   00 0f 84 82 00 00 00 e8 8b 63 f9 ff 48 2b 05 54
0x00007ffd391c40c9:   18 44 00 48 63 15 71 15 44 00 48 c1 e2 06 48 03
0x00007ffd391c40d9:   15 72 15 44 00 48 89 42 38 48 8b 0d 1f 18 44 00
0x00007ffd391c40e9:   48 3b c1 48 0f 4f c8 48 8b 05 b1 09 3c 00 48 89
0x00007ffd391c40f9:   0d 0a 18 44 00 48 85 c0 7e 14 48 69 c0 40 42 0f
0x00007ffd391c4109:   00 48 39 42 30 7e 32 e8 eb 0c 00 00 eb 2b 48 8b
0x00007ffd391c4119:   0d 82 09 3c 00 48 63 15 1f 15 44 00 48 ff c9 48
0x00007ffd391c4129:   3b d1 75 0d e8 ce 0c 00 00 89 3d 0c 15 44 00 eb 


Stack slot to memory mapping:
stack at sp + 0 slots: 0x0000000000000006 is an unknown value
stack at sp + 1 slots: 0x000001ced5681000 is a thread
stack at sp + 2 slots: 0x0 is NULL
stack at sp + 3 slots: 0x0 is NULL
stack at sp + 4 slots: 0x000001ced7b3f090 points into unknown readable memory: 0x000001ced5681000 | 00 10 68 d5 ce 01 00 00
stack at sp + 5 slots: 0x00007ffd392ac6ec jvm.dll
stack at sp + 6 slots: 0x0000000000000001 is an unknown value
stack at sp + 7 slots: 0x0 is NULL


---------------  P R O C E S S  ---------------

Threads class SMR info:
_java_thread_list=0x000001ced7025a10, length=29, elements={
0x000001ced5604000, 0x000001ced560e800, 0x000001ced566b000, 0x000001ced566c800,
0x000001ced566d800, 0x000001ced567a800, 0x000001ced5681000, 0x000001ced55c1000,
0x000001ced593d800, 0x000001ced5cee800, 0x000001ced7048000, 0x000001ced75a0800,
0x000001ced785c800, 0x000001ced7537800, 0x000001ced7a6a000, 0x000001ced7a6b000,
0x000001ced7a69800, 0x000001ced7a6f000, 0x000001ced7a6c000, 0x000001ced7a6e000,
0x000001ced7a6c800, 0x000001ced7a6d800, 0x000001ced7a70000, 0x000001ced7ab3000,
0x000001ced7ab1800, 0x000001ced7ab2800, 0x000001ced7aad800, 0x000001ced7ab4000,
0x000001ced7ab0800
}

Java Threads: ( => current thread )
  0x000001ced5604000 JavaThread "Reference Handler" daemon [_thread_blocked, id=19172, stack(0x0000008461500000,0x0000008461600000)]
  0x000001ced560e800 JavaThread "Finalizer" daemon [_thread_blocked, id=19160, stack(0x0000008461600000,0x0000008461700000)]
  0x000001ced566b000 JavaThread "Signal Dispatcher" daemon [_thread_blocked, id=13280, stack(0x0000008461700000,0x0000008461800000)]
  0x000001ced566c800 JavaThread "Attach Listener" daemon [_thread_blocked, id=316, stack(0x0000008461800000,0x0000008461900000)]
  0x000001ced566d800 JavaThread "Service Thread" daemon [_thread_blocked, id=17960, stack(0x0000008461900000,0x0000008461a00000)]
  0x000001ced567a800 JavaThread "C1 CompilerThread0" daemon [_thread_blocked, id=6748, stack(0x0000008461a00000,0x0000008461b00000)]
  0x000001ced5681000 
[error occurred during error reporting (printing all threads), id 0xc0000005, EXCEPTION_ACCESS_VIOLATION (0xc0000005) at pc=0x00007ffd392ad3ef]

VM state:at safepoint (normal execution)

VM Mutex/Monitor currently owned by a thread:  ([mutex/lock_event])
[0x000001ceaeb8f5f0] Safepoint_lock - owner thread: 0x000001ced55de800
[0x000001ceaeb8fd40] Threads_lock - owner thread: 0x000001ced55de800

Heap address: 0x0000000703800000, size: 4040 MB, Compressed Oops mode: Zero based, Oop shift amount: 3
Narrow klass base: 0x0000000800000000, Narrow klass shift: 0
Compressed class space size: 1073741824 Address: 0x0000000800000000

Heap:
 garbage-first heap   total 260096K, used 103966K [0x0000000703800000, 0x0000000800000000)
  region size 1024K, 97 young (99328K), 17 survivors (17408K)
 Metaspace       used 43497K, capacity 45229K, committed 45488K, reserved 1089536K
  class space    used 5422K, capacity 6101K, committed 6144K, reserved 1048576K
Heap Regions: E=young(eden), S=young(survivor), O=old, HS=humongous(starts), HC=humongous(continues), CS=collection set, F=free, A=archive, TAMS=top-at-mark-start (previous, next)
|   0|0x0000000703800000, 0x0000000703900000, 0x0000000703900000|100%| O|  |TAMS 0x0000000703900000, 0x0000000703800000| Untracked 
|   1|0x0000000703900000, 0x0000000703a00000, 0x0000000703a00000|100%| O|  |TAMS 0x0000000703a00000, 0x0000000703900000| Untracked 
|   2|0x0000000703a00000, 0x0000000703b00000, 0x0000000703b00000|100%| O|  |TAMS 0x0000000703b00000, 0x0000000703a00000| Untracked 
|   3|0x0000000703b00000, 0x0000000703c00000, 0x0000000703c00000|100%| O|  |TAMS 0x0000000703c00000, 0x0000000703b00000| Untracked 
|   4|0x0000000703c00000, 0x0000000703d00000, 0x0000000703d00000|100%| O|  |TAMS 0x0000000703d00000, 0x0000000703c00000| Untracked 
|   5|0x0000000703d00000, 0x0000000703d87800, 0x0000000703e00000| 52%| O|  |TAMS 0x0000000703d6f200, 0x0000000703d00000| Untracked 
|   6|0x0000000703e00000, 0x0000000703e00000, 0x0000000703f00000|  0%| F|  |TAMS 0x0000000703e00000, 0x0000000703e00000| Untracked 
|   7|0x0000000703f00000, 0x0000000703f00000, 0x0000000704000000|  0%| F|  |TAMS 0x0000000703f00000, 0x0000000703f00000| Untracked 
|   8|0x0000000704000000, 0x0000000704000000, 0x0000000704100000|  0%| F|  |TAMS 0x0000000704000000, 0x0000000704000000| Untracked 
|   9|0x0000000704100000, 0x0000000704100000, 0x0000000704200000|  0%| F|  |TAMS 0x0000000704100000, 0x0000000704100000| Untracked 
|  10|0x0000000704200000, 0x0000000704200000, 0x0000000704300000|  0%| F|  |TAMS 0x0000000704200000, 0x0000000704200000| Untracked 
|  11|0x0000000704300000, 0x0000000704300000, 0x0000000704400000|  0%| F|  |TAMS 0x0000000704300000, 0x0000000704300000| Untracked 
|  12|0x0000000704400000, 0x0000000704400000, 0x0000000704500000|  0%| F|  |TAMS 0x0000000704400000, 0x0000000704400000| Untracked 
|  13|0x0000000704500000, 0x0000000704500000, 0x0000000704600000|  0%| F|  |TAMS 0x0000000704500000, 0x0000000704500000| Untracked 
|  14|0x0000000704600000, 0x0000000704600000, 0x0000000704700000|  0%| F|  |TAMS 0x0000000704600000, 0x0000000704600000| Untracked 
|  15|0x0000000704700000, 0x0000000704700000, 0x0000000704800000|  0%| F|  |TAMS 0x0000000704700000, 0x0000000704700000| Untracked 
|  16|0x0000000704800000, 0x0000000704800000, 0x0000000704900000|  0%| F|  |TAMS 0x0000000704800000, 0x0000000704800000| Untracked 
|  17|0x0000000704900000, 0x0000000704900000, 0x0000000704a00000|  0%| F|  |TAMS 0x0000000704900000, 0x0000000704900000| Untracked 
|  18|0x0000000704a00000, 0x0000000704a00000, 0x0000000704b00000|  0%| F|  |TAMS 0x0000000704a00000, 0x0000000704a00000| Untracked 
|  19|0x0000000704b00000, 0x0000000704b00000, 0x0000000704c00000|  0%| F|  |TAMS 0x0000000704b00000, 0x0000000704b00000| Untracked 
|  20|0x0000000704c00000, 0x0000000704c00000, 0x0000000704d00000|  0%| F|  |TAMS 0x0000000704c00000, 0x0000000704c00000| Untracked 
|  21|0x0000000704d00000, 0x0000000704d00000, 0x0000000704e00000|  0%| F|  |TAMS 0x0000000704d00000, 0x0000000704d00000| Untracked 
|  22|0x0000000704e00000, 0x0000000704e00000, 0x0000000704f00000|  0%| F|  |TAMS 0x0000000704e00000, 0x0000000704e00000| Untracked 
|  23|0x0000000704f00000, 0x0000000704f00000, 0x0000000705000000|  0%| F|  |TAMS 0x0000000704f00000, 0x0000000704f00000| Untracked 
|  24|0x0000000705000000, 0x0000000705000000, 0x0000000705100000|  0%| F|  |TAMS 0x0000000705000000, 0x0000000705000000| Untracked 
|  25|0x0000000705100000, 0x0000000705100000, 0x0000000705200000|  0%| F|  |TAMS 0x0000000705100000, 0x0000000705100000| Untracked 
|  26|0x0000000705200000, 0x0000000705200000, 0x0000000705300000|  0%| F|  |TAMS 0x0000000705200000, 0x0000000705200000| Untracked 
|  27|0x0000000705300000, 0x0000000705300000, 0x0000000705400000|  0%| F|  |TAMS 0x0000000705300000, 0x0000000705300000| Untracked 
|  28|0x0000000705400000, 0x0000000705400000, 0x0000000705500000|  0%| F|  |TAMS 0x0000000705400000, 0x0000000705400000| Untracked 
|  29|0x0000000705500000, 0x0000000705500000, 0x0000000705600000|  0%| F|  |TAMS 0x0000000705500000, 0x0000000705500000| Untracked 
|  30|0x0000000705600000, 0x0000000705600000, 0x0000000705700000|  0%| F|  |TAMS 0x0000000705600000, 0x0000000705600000| Untracked 
|  31|0x0000000705700000, 0x0000000705700000, 0x0000000705800000|  0%| F|  |TAMS 0x0000000705700000, 0x0000000705700000| Untracked 
|  32|0x0000000705800000, 0x0000000705800000, 0x0000000705900000|  0%| F|  |TAMS 0x0000000705800000, 0x0000000705800000| Untracked 
|  33|0x0000000705900000, 0x0000000705900000, 0x0000000705a00000|  0%| F|  |TAMS 0x0000000705900000, 0x0000000705900000| Untracked 
|  34|0x0000000705a00000, 0x0000000705a00000, 0x0000000705b00000|  0%| F|  |TAMS 0x0000000705a00000, 0x0000000705a00000| Untracked 
|  35|0x0000000705b00000, 0x0000000705b00000, 0x0000000705c00000|  0%| F|  |TAMS 0x0000000705b00000, 0x0000000705b00000| Untracked 
|  36|0x0000000705c00000, 0x0000000705c00000, 0x0000000705d00000|  0%| F|  |TAMS 0x0000000705c00000, 0x0000000705c00000| Untracked 
|  37|0x0000000705d00000, 0x0000000705d00000, 0x0000000705e00000|  0%| F|  |TAMS 0x0000000705d00000, 0x0000000705d00000| Untracked 
|  38|0x0000000705e00000, 0x0000000705e00000, 0x0000000705f00000|  0%| F|  |TAMS 0x0000000705e00000, 0x0000000705e00000| Untracked 
|  39|0x0000000705f00000, 0x0000000705f00000, 0x0000000706000000|  0%| F|  |TAMS 0x0000000705f00000, 0x0000000705f00000| Untracked 
|  40|0x0000000706000000, 0x0000000706000000, 0x0000000706100000|  0%| F|  |TAMS 0x0000000706000000, 0x0000000706000000| Untracked 
|  41|0x0000000706100000, 0x0000000706100000, 0x0000000706200000|  0%| F|  |TAMS 0x0000000706100000, 0x0000000706100000| Untracked 
|  42|0x0000000706200000, 0x0000000706200000, 0x0000000706300000|  0%| F|  |TAMS 0x0000000706200000, 0x0000000706200000| Untracked 
|  43|0x0000000706300000, 0x0000000706300000, 0x0000000706400000|  0%| F|  |TAMS 0x0000000706300000, 0x0000000706300000| Untracked 
|  44|0x0000000706400000, 0x0000000706400000, 0x0000000706500000|  0%| F|  |TAMS 0x0000000706400000, 0x0000000706400000| Untracked 
|  45|0x0000000706500000, 0x0000000706500000, 0x0000000706600000|  0%| F|  |TAMS 0x0000000706500000, 0x0000000706500000| Untracked 
|  46|0x0000000706600000, 0x0000000706600000, 0x0000000706700000|  0%| F|  |TAMS 0x0000000706600000, 0x0000000706600000| Untracked 
|  47|0x0000000706700000, 0x0000000706700000, 0x0000000706800000|  0%| F|  |TAMS 0x0000000706700000, 0x0000000706700000| Untracked 
|  48|0x0000000706800000, 0x0000000706800000, 0x0000000706900000|  0%| F|  |TAMS 0x0000000706800000, 0x0000000706800000| Untracked 
|  49|0x0000000706900000, 0x0000000706900000, 0x0000000706a00000|  0%| F|  |TAMS 0x0000000706900000, 0x0000000706900000| Untracked 
|  50|0x0000000706a00000, 0x0000000706a00000, 0x0000000706b00000|  0%| F|  |TAMS 0x0000000706a00000, 0x0000000706a00000| Untracked 
|  51|0x0000000706b00000, 0x0000000706b00000, 0x0000000706c00000|  0%| F|  |TAMS 0x0000000706b00000, 0x0000000706b00000| Untracked 
|  52|0x0000000706c00000, 0x0000000706c00000, 0x0000000706d00000|  0%| F|  |TAMS 0x0000000706c00000, 0x0000000706c00000| Untracked 
|  53|0x0000000706d00000, 0x0000000706d00000, 0x0000000706e00000|  0%| F|  |TAMS 0x0000000706d00000, 0x0000000706d00000| Untracked 
|  54|0x0000000706e00000, 0x0000000706e00000, 0x0000000706f00000|  0%| F|  |TAMS 0x0000000706e00000, 0x0000000706e00000| Untracked 
|  55|0x0000000706f00000, 0x0000000706f00000, 0x0000000707000000|  0%| F|  |TAMS 0x0000000706f00000, 0x0000000706f00000| Untracked 
|  56|0x0000000707000000, 0x0000000707000000, 0x0000000707100000|  0%| F|  |TAMS 0x0000000707000000, 0x0000000707000000| Untracked 
|  57|0x0000000707100000, 0x0000000707100000, 0x0000000707200000|  0%| F|  |TAMS 0x0000000707100000, 0x0000000707100000| Untracked 
|  58|0x0000000707200000, 0x0000000707200000, 0x0000000707300000|  0%| F|  |TAMS 0x0000000707200000, 0x0000000707200000| Untracked 
|  59|0x0000000707300000, 0x0000000707300000, 0x0000000707400000|  0%| F|  |TAMS 0x0000000707300000, 0x0000000707300000| Untracked 
|  60|0x0000000707400000, 0x0000000707400000, 0x0000000707500000|  0%| F|  |TAMS 0x0000000707400000, 0x0000000707400000| Untracked 
|  61|0x0000000707500000, 0x0000000707500000, 0x0000000707600000|  0%| F|  |TAMS 0x0000000707500000, 0x0000000707500000| Untracked 
|  62|0x0000000707600000, 0x0000000707600000, 0x0000000707700000|  0%| F|  |TAMS 0x0000000707600000, 0x0000000707600000| Untracked 
|  63|0x0000000707700000, 0x0000000707700000, 0x0000000707800000|  0%| F|  |TAMS 0x0000000707700000, 0x0000000707700000| Untracked 
|  64|0x0000000707800000, 0x0000000707800000, 0x0000000707900000|  0%| F|  |TAMS 0x0000000707800000, 0x0000000707800000| Untracked 
|  65|0x0000000707900000, 0x0000000707900000, 0x0000000707a00000|  0%| F|  |TAMS 0x0000000707900000, 0x0000000707900000| Untracked 
|  66|0x0000000707a00000, 0x0000000707a00000, 0x0000000707b00000|  0%| F|  |TAMS 0x0000000707a00000, 0x0000000707a00000| Untracked 
|  67|0x0000000707b00000, 0x0000000707b00000, 0x0000000707c00000|  0%| F|  |TAMS 0x0000000707b00000, 0x0000000707b00000| Untracked 
|  68|0x0000000707c00000, 0x0000000707c00000, 0x0000000707d00000|  0%| F|  |TAMS 0x0000000707c00000, 0x0000000707c00000| Untracked 
|  69|0x0000000707d00000, 0x0000000707d00000, 0x0000000707e00000|  0%| F|  |TAMS 0x0000000707d00000, 0x0000000707d00000| Untracked 
|  70|0x0000000707e00000, 0x0000000707e00000, 0x0000000707f00000|  0%| F|  |TAMS 0x0000000707e00000, 0x0000000707e00000| Untracked 
|  71|0x0000000707f00000, 0x0000000707f00000, 0x0000000708000000|  0%| F|  |TAMS 0x0000000707f00000, 0x0000000707f00000| Untracked 
|  72|0x0000000708000000, 0x0000000708000000, 0x0000000708100000|  0%| F|  |TAMS 0x0000000708000000, 0x0000000708000000| Untracked 
|  73|0x0000000708100000, 0x0000000708100000, 0x0000000708200000|  0%| F|  |TAMS 0x0000000708100000, 0x0000000708100000| Untracked 
|  74|0x0000000708200000, 0x0000000708200000, 0x0000000708300000|  0%| F|  |TAMS 0x0000000708200000, 0x0000000708200000| Untracked 
|  75|0x0000000708300000, 0x0000000708300000, 0x0000000708400000|  0%| F|  |TAMS 0x0000000708300000, 0x0000000708300000| Untracked 
|  76|0x0000000708400000, 0x0000000708400000, 0x0000000708500000|  0%| F|  |TAMS 0x0000000708400000, 0x0000000708400000| Untracked 
|  77|0x0000000708500000, 0x0000000708500000, 0x0000000708600000|  0%| F|  |TAMS 0x0000000708500000, 0x0000000708500000| Untracked 
|  78|0x0000000708600000, 0x0000000708600000, 0x0000000708700000|  0%| F|  |TAMS 0x0000000708600000, 0x0000000708600000| Untracked 
|  79|0x0000000708700000, 0x0000000708700000, 0x0000000708800000|  0%| F|  |TAMS 0x0000000708700000, 0x0000000708700000| Untracked 
|  80|0x0000000708800000, 0x0000000708800000, 0x0000000708900000|  0%| F|  |TAMS 0x0000000708800000, 0x0000000708800000| Untracked 
|  81|0x0000000708900000, 0x0000000708900000, 0x0000000708a00000|  0%| F|  |TAMS 0x0000000708900000, 0x0000000708900000| Untracked 
|  82|0x0000000708a00000, 0x0000000708a00000, 0x0000000708b00000|  0%| F|  |TAMS 0x0000000708a00000, 0x0000000708a00000| Untracked 
|  83|0x0000000708b00000, 0x0000000708b00000, 0x0000000708c00000|  0%| F|  |TAMS 0x0000000708b00000, 0x0000000708b00000| Untracked 
|  84|0x0000000708c00000, 0x0000000708c00000, 0x0000000708d00000|  0%| F|  |TAMS 0x0000000708c00000, 0x0000000708c00000| Untracked 
|  85|0x0000000708d00000, 0x0000000708d00000, 0x0000000708e00000|  0%| F|  |TAMS 0x0000000708d00000, 0x0000000708d00000| Untracked 
|  86|0x0000000708e00000, 0x0000000708e00000, 0x0000000708f00000|  0%| F|  |TAMS 0x0000000708e00000, 0x0000000708e00000| Untracked 
|  87|0x0000000708f00000, 0x0000000708f00000, 0x0000000709000000|  0%| F|  |TAMS 0x0000000708f00000, 0x0000000708f00000| Untracked 
|  88|0x0000000709000000, 0x0000000709000000, 0x0000000709100000|  0%| F|  |TAMS 0x0000000709000000, 0x0000000709000000| Untracked 
|  89|0x0000000709100000, 0x0000000709100000, 0x0000000709200000|  0%| F|  |TAMS 0x0000000709100000, 0x0000000709100000| Untracked 
|  90|0x0000000709200000, 0x0000000709200000, 0x0000000709300000|  0%| F|  |TAMS 0x0000000709200000, 0x0000000709200000| Untracked 
|  91|0x0000000709300000, 0x0000000709300000, 0x0000000709400000|  0%| F|  |TAMS 0x0000000709300000, 0x0000000709300000| Untracked 
|  92|0x0000000709400000, 0x0000000709400000, 0x0000000709500000|  0%| F|  |TAMS 0x0000000709400000, 0x0000000709400000| Untracked 
|  93|0x0000000709500000, 0x0000000709500000, 0x0000000709600000|  0%| F|  |TAMS 0x0000000709500000, 0x0000000709500000| Untracked 
|  94|0x0000000709600000, 0x0000000709600000, 0x0000000709700000|  0%| F|  |TAMS 0x0000000709600000, 0x0000000709600000| Untracked 
|  95|0x0000000709700000, 0x0000000709700000, 0x0000000709800000|  0%| F|  |TAMS 0x0000000709700000, 0x0000000709700000| Untracked 
|  96|0x0000000709800000, 0x0000000709800000, 0x0000000709900000|  0%| F|  |TAMS 0x0000000709800000, 0x0000000709800000| Untracked 
|  97|0x0000000709900000, 0x0000000709900000, 0x0000000709a00000|  0%| F|  |TAMS 0x0000000709900000, 0x0000000709900000| Untracked 
|  98|0x0000000709a00000, 0x0000000709a00000, 0x0000000709b00000|  0%| F|  |TAMS 0x0000000709a00000, 0x0000000709a00000| Untracked 
|  99|0x0000000709b00000, 0x0000000709b00000, 0x0000000709c00000|  0%| F|  |TAMS 0x0000000709b00000, 0x0000000709b00000| Untracked 
| 100|0x0000000709c00000, 0x0000000709c00000, 0x0000000709d00000|  0%| F|  |TAMS 0x0000000709c00000, 0x0000000709c00000| Untracked 
| 101|0x0000000709d00000, 0x0000000709d00000, 0x0000000709e00000|  0%| F|  |TAMS 0x0000000709d00000, 0x0000000709d00000| Untracked 
| 102|0x0000000709e00000, 0x0000000709f00000, 0x0000000709f00000|100%| S|CS|TAMS 0x0000000709e00000, 0x0000000709e00000| Complete 
| 103|0x0000000709f00000, 0x000000070a000000, 0x000000070a000000|100%| S|CS|TAMS 0x0000000709f00000, 0x0000000709f00000| Complete 
| 104|0x000000070a000000, 0x000000070a100000, 0x000000070a100000|100%| S|CS|TAMS 0x000000070a000000, 0x000000070a000000| Complete 
| 105|0x000000070a100000, 0x000000070a200000, 0x000000070a200000|100%| S|CS|TAMS 0x000000070a100000, 0x000000070a100000| Complete 
| 106|0x000000070a200000, 0x000000070a300000, 0x000000070a300000|100%| S|CS|TAMS 0x000000070a200000, 0x000000070a200000| Complete 
| 107|0x000000070a300000, 0x000000070a400000, 0x000000070a400000|100%| S|CS|TAMS 0x000000070a300000, 0x000000070a300000| Complete 
| 108|0x000000070a400000, 0x000000070a500000, 0x000000070a500000|100%| S|CS|TAMS 0x000000070a400000, 0x000000070a400000| Complete 
| 109|0x000000070a500000, 0x000000070a600000, 0x000000070a600000|100%| S|CS|TAMS 0x000000070a500000, 0x000000070a500000| Complete 
| 110|0x000000070a600000, 0x000000070a700000, 0x000000070a700000|100%| S|CS|TAMS 0x000000070a600000, 0x000000070a600000| Complete 
| 111|0x000000070a700000, 0x000000070a800000, 0x000000070a800000|100%| S|CS|TAMS 0x000000070a700000, 0x000000070a700000| Complete 
| 112|0x000000070a800000, 0x000000070a900000, 0x000000070a900000|100%| S|CS|TAMS 0x000000070a800000, 0x000000070a800000| Complete 
| 113|0x000000070a900000, 0x000000070aa00000, 0x000000070aa00000|100%| S|CS|TAMS 0x000000070a900000, 0x000000070a900000| Complete 
| 114|0x000000070aa00000, 0x000000070ab00000, 0x000000070ab00000|100%| S|CS|TAMS 0x000000070aa00000, 0x000000070aa00000| Complete 
| 115|0x000000070ab00000, 0x000000070ac00000, 0x000000070ac00000|100%| S|CS|TAMS 0x000000070ab00000, 0x000000070ab00000| Complete 
| 116|0x000000070ac00000, 0x000000070ad00000, 0x000000070ad00000|100%| S|CS|TAMS 0x000000070ac00000, 0x000000070ac00000| Complete 
| 117|0x000000070ad00000, 0x000000070ae00000, 0x000000070ae00000|100%| S|CS|TAMS 0x000000070ad00000, 0x000000070ad00000| Complete 
| 118|0x000000070ae00000, 0x000000070af00000, 0x000000070af00000|100%| S|CS|TAMS 0x000000070ae00000, 0x000000070ae00000| Complete 
| 119|0x000000070af00000, 0x000000070af00000, 0x000000070b000000|  0%| F|  |TAMS 0x000000070af00000, 0x000000070af00000| Untracked 
| 120|0x000000070b000000, 0x000000070b000000, 0x000000070b100000|  0%| F|  |TAMS 0x000000070b000000, 0x000000070b000000| Untracked 
| 121|0x000000070b100000, 0x000000070b100000, 0x000000070b200000|  0%| F|  |TAMS 0x000000070b100000, 0x000000070b100000| Untracked 
| 122|0x000000070b200000, 0x000000070b200000, 0x000000070b300000|  0%| F|  |TAMS 0x000000070b200000, 0x000000070b200000| Untracked 
| 123|0x000000070b300000, 0x000000070b300000, 0x000000070b400000|  0%| F|  |TAMS 0x000000070b300000, 0x000000070b300000| Untracked 
| 124|0x000000070b400000, 0x000000070b400000, 0x000000070b500000|  0%| F|  |TAMS 0x000000070b400000, 0x000000070b400000| Untracked 
| 125|0x000000070b500000, 0x000000070b500000, 0x000000070b600000|  0%| F|  |TAMS 0x000000070b500000, 0x000000070b500000| Untracked 
| 126|0x000000070b600000, 0x000000070b600000, 0x000000070b700000|  0%| F|  |TAMS 0x000000070b600000, 0x000000070b600000| Untracked 
| 127|0x000000070b700000, 0x000000070b700000, 0x000000070b800000|  0%| F|  |TAMS 0x000000070b700000, 0x000000070b700000| Untracked 
| 128|0x000000070b800000, 0x000000070b800000, 0x000000070b900000|  0%| F|  |TAMS 0x000000070b800000, 0x000000070b800000| Untracked 
| 129|0x000000070b900000, 0x000000070b900000, 0x000000070ba00000|  0%| F|  |TAMS 0x000000070b900000, 0x000000070b900000| Untracked 
| 130|0x000000070ba00000, 0x000000070ba00000, 0x000000070bb00000|  0%| F|  |TAMS 0x000000070ba00000, 0x000000070ba00000| Untracked 
| 131|0x000000070bb00000, 0x000000070bb00000, 0x000000070bc00000|  0%| F|  |TAMS 0x000000070bb00000, 0x000000070bb00000| Untracked 
| 132|0x000000070bc00000, 0x000000070bc00000, 0x000000070bd00000|  0%| F|  |TAMS 0x000000070bc00000, 0x000000070bc00000| Untracked 
| 133|0x000000070bd00000, 0x000000070bd00000, 0x000000070be00000|  0%| F|  |TAMS 0x000000070bd00000, 0x000000070bd00000| Untracked 
| 134|0x000000070be00000, 0x000000070be00000, 0x000000070bf00000|  0%| F|  |TAMS 0x000000070be00000, 0x000000070be00000| Untracked 
| 135|0x000000070bf00000, 0x000000070bf00000, 0x000000070c000000|  0%| F|  |TAMS 0x000000070bf00000, 0x000000070bf00000| Untracked 
| 136|0x000000070c000000, 0x000000070c000000, 0x000000070c100000|  0%| F|  |TAMS 0x000000070c000000, 0x000000070c000000| Untracked 
| 137|0x000000070c100000, 0x000000070c100000, 0x000000070c200000|  0%| F|  |TAMS 0x000000070c100000, 0x000000070c100000| Untracked 
| 138|0x000000070c200000, 0x000000070c200000, 0x000000070c300000|  0%| F|  |TAMS 0x000000070c200000, 0x000000070c200000| Untracked 
| 139|0x000000070c300000, 0x000000070c300000, 0x000000070c400000|  0%| F|  |TAMS 0x000000070c300000, 0x000000070c300000| Untracked 
| 140|0x000000070c400000, 0x000000070c400000, 0x000000070c500000|  0%| F|  |TAMS 0x000000070c400000, 0x000000070c400000| Untracked 
| 141|0x000000070c500000, 0x000000070c500000, 0x000000070c600000|  0%| F|  |TAMS 0x000000070c500000, 0x000000070c500000| Untracked 
| 142|0x000000070c600000, 0x000000070c600000, 0x000000070c700000|  0%| F|  |TAMS 0x000000070c600000, 0x000000070c600000| Untracked 
| 143|0x000000070c700000, 0x000000070c700000, 0x000000070c800000|  0%| F|  |TAMS 0x000000070c700000, 0x000000070c700000| Untracked 
| 144|0x000000070c800000, 0x000000070c800000, 0x000000070c900000|  0%| F|  |TAMS 0x000000070c800000, 0x000000070c800000| Untracked 
| 145|0x000000070c900000, 0x000000070c900000, 0x000000070ca00000|  0%| F|  |TAMS 0x000000070c900000, 0x000000070c900000| Untracked 
| 146|0x000000070ca00000, 0x000000070ca00000, 0x000000070cb00000|  0%| F|  |TAMS 0x000000070ca00000, 0x000000070ca00000| Untracked 
| 147|0x000000070cb00000, 0x000000070cb00000, 0x000000070cc00000|  0%| F|  |TAMS 0x000000070cb00000, 0x000000070cb00000| Untracked 
| 148|0x000000070cc00000, 0x000000070cc00000, 0x000000070cd00000|  0%| F|  |TAMS 0x000000070cc00000, 0x000000070cc00000| Untracked 
| 149|0x000000070cd00000, 0x000000070cd00000, 0x000000070ce00000|  0%| F|  |TAMS 0x000000070cd00000, 0x000000070cd00000| Untracked 
| 150|0x000000070ce00000, 0x000000070ce00000, 0x000000070cf00000|  0%| F|  |TAMS 0x000000070ce00000, 0x000000070ce00000| Untracked 
| 151|0x000000070cf00000, 0x000000070cf00000, 0x000000070d000000|  0%| F|  |TAMS 0x000000070cf00000, 0x000000070cf00000| Untracked 
| 152|0x000000070d000000, 0x000000070d000000, 0x000000070d100000|  0%| F|  |TAMS 0x000000070d000000, 0x000000070d000000| Untracked 
| 153|0x000000070d100000, 0x000000070d100000, 0x000000070d200000|  0%| F|  |TAMS 0x000000070d100000, 0x000000070d100000| Untracked 
| 154|0x000000070d200000, 0x000000070d200000, 0x000000070d300000|  0%| F|  |TAMS 0x000000070d200000, 0x000000070d200000| Untracked 
| 155|0x000000070d300000, 0x000000070d300000, 0x000000070d400000|  0%| F|  |TAMS 0x000000070d300000, 0x000000070d300000| Untracked 
| 156|0x000000070d400000, 0x000000070d400000, 0x000000070d500000|  0%| F|  |TAMS 0x000000070d400000, 0x000000070d400000| Untracked 
| 157|0x000000070d500000, 0x000000070d500000, 0x000000070d600000|  0%| F|  |TAMS 0x000000070d500000, 0x000000070d500000| Untracked 
| 158|0x000000070d600000, 0x000000070d600000, 0x000000070d700000|  0%| F|  |TAMS 0x000000070d600000, 0x000000070d600000| Untracked 
| 159|0x000000070d700000, 0x000000070d700000, 0x000000070d800000|  0%| F|  |TAMS 0x000000070d700000, 0x000000070d700000| Untracked 
| 160|0x000000070d800000, 0x000000070d800000, 0x000000070d900000|  0%| F|  |TAMS 0x000000070d800000, 0x000000070d800000| Untracked 
| 161|0x000000070d900000, 0x000000070d900000, 0x000000070da00000|  0%| F|  |TAMS 0x000000070d900000, 0x000000070d900000| Untracked 
| 162|0x000000070da00000, 0x000000070da00000, 0x000000070db00000|  0%| F|  |TAMS 0x000000070da00000, 0x000000070da00000| Untracked 
| 163|0x000000070db00000, 0x000000070db00000, 0x000000070dc00000|  0%| F|  |TAMS 0x000000070db00000, 0x000000070db00000| Untracked 
| 164|0x000000070dc00000, 0x000000070dc00000, 0x000000070dd00000|  0%| F|  |TAMS 0x000000070dc00000, 0x000000070dc00000| Untracked 
| 165|0x000000070dd00000, 0x000000070dd00000, 0x000000070de00000|  0%| F|  |TAMS 0x000000070dd00000, 0x000000070dd00000| Untracked 
| 166|0x000000070de00000, 0x000000070de00000, 0x000000070df00000|  0%| F|  |TAMS 0x000000070de00000, 0x000000070de00000| Untracked 
| 167|0x000000070df00000, 0x000000070df00000, 0x000000070e000000|  0%| F|  |TAMS 0x000000070df00000, 0x000000070df00000| Untracked 
| 168|0x000000070e000000, 0x000000070e000000, 0x000000070e100000|  0%| F|  |TAMS 0x000000070e000000, 0x000000070e000000| Untracked 
| 169|0x000000070e100000, 0x000000070e100000, 0x000000070e200000|  0%| F|  |TAMS 0x000000070e100000, 0x000000070e100000| Untracked 
| 170|0x000000070e200000, 0x000000070e200000, 0x000000070e300000|  0%| F|  |TAMS 0x000000070e200000, 0x000000070e200000| Untracked 
| 171|0x000000070e300000, 0x000000070e300000, 0x000000070e400000|  0%| F|  |TAMS 0x000000070e300000, 0x000000070e300000| Untracked 
| 172|0x000000070e400000, 0x000000070e400000, 0x000000070e500000|  0%| F|  |TAMS 0x000000070e400000, 0x000000070e400000| Untracked 
| 173|0x000000070e500000, 0x000000070e500000, 0x000000070e600000|  0%| F|  |TAMS 0x000000070e500000, 0x000000070e500000| Untracked 
| 174|0x000000070e600000, 0x000000070e680800, 0x000000070e700000| 50%| E|  |TAMS 0x000000070e600000, 0x000000070e600000| Complete 
| 175|0x000000070e700000, 0x000000070e800000, 0x000000070e800000|100%| E|CS|TAMS 0x000000070e700000, 0x000000070e700000| Complete 
| 176|0x000000070e800000, 0x000000070e900000, 0x000000070e900000|100%| E|CS|TAMS 0x000000070e800000, 0x000000070e800000| Complete 
| 177|0x000000070e900000, 0x000000070ea00000, 0x000000070ea00000|100%| E|CS|TAMS 0x000000070e900000, 0x000000070e900000| Complete 
| 178|0x000000070ea00000, 0x000000070eb00000, 0x000000070eb00000|100%| E|CS|TAMS 0x000000070ea00000, 0x000000070ea00000| Complete 
| 179|0x000000070eb00000, 0x000000070ec00000, 0x000000070ec00000|100%| E|CS|TAMS 0x000000070eb00000, 0x000000070eb00000| Complete 
| 180|0x000000070ec00000, 0x000000070ed00000, 0x000000070ed00000|100%| E|CS|TAMS 0x000000070ec00000, 0x000000070ec00000| Complete 
| 181|0x000000070ed00000, 0x000000070ee00000, 0x000000070ee00000|100%| E|CS|TAMS 0x000000070ed00000, 0x000000070ed00000| Complete 
| 182|0x000000070ee00000, 0x000000070ef00000, 0x000000070ef00000|100%| E|CS|TAMS 0x000000070ee00000, 0x000000070ee00000| Complete 
| 183|0x000000070ef00000, 0x000000070f000000, 0x000000070f000000|100%| E|CS|TAMS 0x000000070ef00000, 0x000000070ef00000| Complete 
| 184|0x000000070f000000, 0x000000070f100000, 0x000000070f100000|100%| E|CS|TAMS 0x000000070f000000, 0x000000070f000000| Complete 
| 185|0x000000070f100000, 0x000000070f200000, 0x000000070f200000|100%| E|CS|TAMS 0x000000070f100000, 0x000000070f100000| Complete 
| 186|0x000000070f200000, 0x000000070f300000, 0x000000070f300000|100%| E|CS|TAMS 0x000000070f200000, 0x000000070f200000| Complete 
| 187|0x000000070f300000, 0x000000070f400000, 0x000000070f400000|100%| E|CS|TAMS 0x000000070f300000, 0x000000070f300000| Complete 
| 188|0x000000070f400000, 0x000000070f500000, 0x000000070f500000|100%| E|CS|TAMS 0x000000070f400000, 0x000000070f400000| Complete 
| 189|0x000000070f500000, 0x000000070f600000, 0x000000070f600000|100%| E|CS|TAMS 0x000000070f500000, 0x000000070f500000| Complete 
| 190|0x000000070f600000, 0x000000070f700000, 0x000000070f700000|100%| E|CS|TAMS 0x000000070f600000, 0x000000070f600000| Complete 
| 191|0x000000070f700000, 0x000000070f800000, 0x000000070f800000|100%| E|CS|TAMS 0x000000070f700000, 0x000000070f700000| Complete 
| 192|0x000000070f800000, 0x000000070f900000, 0x000000070f900000|100%| E|CS|TAMS 0x000000070f800000, 0x000000070f800000| Complete 
| 193|0x000000070f900000, 0x000000070fa00000, 0x000000070fa00000|100%| E|CS|TAMS 0x000000070f900000, 0x000000070f900000| Complete 
| 194|0x000000070fa00000, 0x000000070fb00000, 0x000000070fb00000|100%| E|CS|TAMS 0x000000070fa00000, 0x000000070fa00000| Complete 
| 195|0x000000070fb00000, 0x000000070fc00000, 0x000000070fc00000|100%| E|CS|TAMS 0x000000070fb00000, 0x000000070fb00000| Complete 
| 196|0x000000070fc00000, 0x000000070fd00000, 0x000000070fd00000|100%| E|CS|TAMS 0x000000070fc00000, 0x000000070fc00000| Complete 
| 197|0x000000070fd00000, 0x000000070fe00000, 0x000000070fe00000|100%| E|CS|TAMS 0x000000070fd00000, 0x000000070fd00000| Complete 
| 198|0x000000070fe00000, 0x000000070ff00000, 0x000000070ff00000|100%| E|CS|TAMS 0x000000070fe00000, 0x000000070fe00000| Complete 
| 199|0x000000070ff00000, 0x0000000710000000, 0x0000000710000000|100%| E|CS|TAMS 0x000000070ff00000, 0x000000070ff00000| Complete 
| 200|0x0000000710000000, 0x0000000710100000, 0x0000000710100000|100%| E|CS|TAMS 0x0000000710000000, 0x0000000710000000| Complete 
| 201|0x0000000710100000, 0x0000000710200000, 0x0000000710200000|100%| E|CS|TAMS 0x0000000710100000, 0x0000000710100000| Complete 
| 202|0x0000000710200000, 0x0000000710300000, 0x0000000710300000|100%| E|CS|TAMS 0x0000000710200000, 0x0000000710200000| Complete 
| 203|0x0000000710300000, 0x0000000710400000, 0x0000000710400000|100%| E|CS|TAMS 0x0000000710300000, 0x0000000710300000| Complete 
| 204|0x0000000710400000, 0x0000000710500000, 0x0000000710500000|100%| E|CS|TAMS 0x0000000710400000, 0x0000000710400000| Complete 
| 205|0x0000000710500000, 0x0000000710600000, 0x0000000710600000|100%| E|CS|TAMS 0x0000000710500000, 0x0000000710500000| Complete 
| 206|0x0000000710600000, 0x0000000710700000, 0x0000000710700000|100%| E|CS|TAMS 0x0000000710600000, 0x0000000710600000| Complete 
| 207|0x0000000710700000, 0x0000000710800000, 0x0000000710800000|100%| E|CS|TAMS 0x0000000710700000, 0x0000000710700000| Complete 
| 208|0x0000000710800000, 0x0000000710900000, 0x0000000710900000|100%| E|CS|TAMS 0x0000000710800000, 0x0000000710800000| Complete 
| 209|0x0000000710900000, 0x0000000710a00000, 0x0000000710a00000|100%| E|CS|TAMS 0x0000000710900000, 0x0000000710900000| Complete 
| 210|0x0000000710a00000, 0x0000000710b00000, 0x0000000710b00000|100%| E|CS|TAMS 0x0000000710a00000, 0x0000000710a00000| Complete 
| 211|0x0000000710b00000, 0x0000000710c00000, 0x0000000710c00000|100%| E|CS|TAMS 0x0000000710b00000, 0x0000000710b00000| Complete 
| 212|0x0000000710c00000, 0x0000000710d00000, 0x0000000710d00000|100%| E|CS|TAMS 0x0000000710c00000, 0x0000000710c00000| Complete 
| 213|0x0000000710d00000, 0x0000000710e00000, 0x0000000710e00000|100%| E|CS|TAMS 0x0000000710d00000, 0x0000000710d00000| Complete 
| 214|0x0000000710e00000, 0x0000000710f00000, 0x0000000710f00000|100%| E|CS|TAMS 0x0000000710e00000, 0x0000000710e00000| Complete 
| 215|0x0000000710f00000, 0x0000000711000000, 0x0000000711000000|100%| E|CS|TAMS 0x0000000710f00000, 0x0000000710f00000| Complete 
| 216|0x0000000711000000, 0x0000000711100000, 0x0000000711100000|100%| E|CS|TAMS 0x0000000711000000, 0x0000000711000000| Complete 
| 217|0x0000000711100000, 0x0000000711200000, 0x0000000711200000|100%| E|CS|TAMS 0x0000000711100000, 0x0000000711100000| Complete 
| 218|0x0000000711200000, 0x0000000711300000, 0x0000000711300000|100%| E|CS|TAMS 0x0000000711200000, 0x0000000711200000| Complete 
| 219|0x0000000711300000, 0x0000000711400000, 0x0000000711400000|100%| E|CS|TAMS 0x0000000711300000, 0x0000000711300000| Complete 
| 220|0x0000000711400000, 0x0000000711500000, 0x0000000711500000|100%| E|CS|TAMS 0x0000000711400000, 0x0000000711400000| Complete 
| 221|0x0000000711500000, 0x0000000711600000, 0x0000000711600000|100%| E|CS|TAMS 0x0000000711500000, 0x0000000711500000| Complete 
| 222|0x0000000711600000, 0x0000000711700000, 0x0000000711700000|100%| E|CS|TAMS 0x0000000711600000, 0x0000000711600000| Complete 
| 223|0x0000000711700000, 0x0000000711800000, 0x0000000711800000|100%| E|CS|TAMS 0x0000000711700000, 0x0000000711700000| Complete 
| 224|0x0000000711800000, 0x0000000711900000, 0x0000000711900000|100%| E|CS|TAMS 0x0000000711800000, 0x0000000711800000| Complete 
| 225|0x0000000711900000, 0x0000000711a00000, 0x0000000711a00000|100%| E|CS|TAMS 0x0000000711900000, 0x0000000711900000| Complete 
| 226|0x0000000711a00000, 0x0000000711b00000, 0x0000000711b00000|100%| E|CS|TAMS 0x0000000711a00000, 0x0000000711a00000| Complete 
| 227|0x0000000711b00000, 0x0000000711c00000, 0x0000000711c00000|100%| E|CS|TAMS 0x0000000711b00000, 0x0000000711b00000| Complete 
| 228|0x0000000711c00000, 0x0000000711d00000, 0x0000000711d00000|100%| E|CS|TAMS 0x0000000711c00000, 0x0000000711c00000| Complete 
| 229|0x0000000711d00000, 0x0000000711e00000, 0x0000000711e00000|100%| E|CS|TAMS 0x0000000711d00000, 0x0000000711d00000| Complete 
| 230|0x0000000711e00000, 0x0000000711f00000, 0x0000000711f00000|100%| E|CS|TAMS 0x0000000711e00000, 0x0000000711e00000| Complete 
| 231|0x0000000711f00000, 0x0000000712000000, 0x0000000712000000|100%| E|CS|TAMS 0x0000000711f00000, 0x0000000711f00000| Complete 
| 232|0x0000000712000000, 0x0000000712100000, 0x0000000712100000|100%| E|CS|TAMS 0x0000000712000000, 0x0000000712000000| Complete 
| 233|0x0000000712100000, 0x0000000712200000, 0x0000000712200000|100%| E|CS|TAMS 0x0000000712100000, 0x0000000712100000| Complete 
| 234|0x0000000712200000, 0x0000000712300000, 0x0000000712300000|100%| E|CS|TAMS 0x0000000712200000, 0x0000000712200000| Complete 
| 235|0x0000000712300000, 0x0000000712400000, 0x0000000712400000|100%| E|CS|TAMS 0x0000000712300000, 0x0000000712300000| Complete 
| 236|0x0000000712400000, 0x0000000712500000, 0x0000000712500000|100%| E|CS|TAMS 0x0000000712400000, 0x0000000712400000| Complete 
| 237|0x0000000712500000, 0x0000000712600000, 0x0000000712600000|100%| E|CS|TAMS 0x0000000712500000, 0x0000000712500000| Complete 
| 238|0x0000000712600000, 0x0000000712700000, 0x0000000712700000|100%| E|CS|TAMS 0x0000000712600000, 0x0000000712600000| Complete 
| 239|0x0000000712700000, 0x0000000712800000, 0x0000000712800000|100%| E|CS|TAMS 0x0000000712700000, 0x0000000712700000| Complete 
| 240|0x0000000712800000, 0x0000000712900000, 0x0000000712900000|100%| E|CS|TAMS 0x0000000712800000, 0x0000000712800000| Complete 
| 241|0x0000000712900000, 0x0000000712a00000, 0x0000000712a00000|100%| E|CS|TAMS 0x0000000712900000, 0x0000000712900000| Complete 
| 242|0x0000000712a00000, 0x0000000712b00000, 0x0000000712b00000|100%| E|CS|TAMS 0x0000000712a00000, 0x0000000712a00000| Complete 
| 243|0x0000000712b00000, 0x0000000712c00000, 0x0000000712c00000|100%| E|CS|TAMS 0x0000000712b00000, 0x0000000712b00000| Complete 
| 244|0x0000000712c00000, 0x0000000712d00000, 0x0000000712d00000|100%| E|CS|TAMS 0x0000000712c00000, 0x0000000712c00000| Complete 
| 245|0x0000000712d00000, 0x0000000712e00000, 0x0000000712e00000|100%| E|CS|TAMS 0x0000000712d00000, 0x0000000712d00000| Complete 
| 246|0x0000000712e00000, 0x0000000712f00000, 0x0000000712f00000|100%| E|CS|TAMS 0x0000000712e00000, 0x0000000712e00000| Complete 
| 247|0x0000000712f00000, 0x0000000713000000, 0x0000000713000000|100%| E|CS|TAMS 0x0000000712f00000, 0x0000000712f00000| Complete 
| 248|0x0000000713000000, 0x0000000713100000, 0x0000000713100000|100%| E|CS|TAMS 0x0000000713000000, 0x0000000713000000| Complete 
| 249|0x0000000713100000, 0x0000000713200000, 0x0000000713200000|100%| E|CS|TAMS 0x0000000713100000, 0x0000000713100000| Complete 
| 250|0x0000000713200000, 0x0000000713300000, 0x0000000713300000|100%| E|CS|TAMS 0x0000000713200000, 0x0000000713200000| Complete 
| 251|0x0000000713300000, 0x0000000713400000, 0x0000000713400000|100%| E|CS|TAMS 0x0000000713300000, 0x0000000713300000| Complete 
| 252|0x0000000713400000, 0x0000000713500000, 0x0000000713500000|100%| E|CS|TAMS 0x0000000713400000, 0x0000000713400000| Complete 
| 253|0x0000000713500000, 0x0000000713600000, 0x0000000713600000|100%| E|CS|TAMS 0x0000000713500000, 0x0000000713500000| Complete 

Card table byte_map: [0x000001cec9160000,0x000001cec9950000] _byte_map_base: 0x000001cec5944000

Marking Bits (Prev, Next): (CMBitMap*) 0x000001ceaebf5098, (CMBitMap*) 0x000001ceaebf50d0
 Prev Bits: [0x000001ceca140000, 0x000001cece060000)
 Next Bits: [0x000001cece060000, 0x000001ced1f80000)

Polling page: 0x000001ceae910000

Metaspace:

Usage:
  Non-class:     38.21 MB capacity,    37.18 MB ( 97%) used,   867.04 KB (  2%) free+waste,   186.50 KB ( <1%) overhead. 
      Class:      5.96 MB capacity,     5.30 MB ( 89%) used,   585.60 KB ( 10%) free+waste,    92.81 KB (  2%) overhead. 
       Both:     44.17 MB capacity,    42.48 MB ( 96%) used,     1.42 MB (  3%) free+waste,   279.31 KB ( <1%) overhead. 

Virtual space:
  Non-class space:       40.00 MB reserved,      38.42 MB ( 96%) committed 
      Class space:        1.00 GB reserved,       6.00 MB ( <1%) committed 
             Both:        1.04 GB reserved,      44.42 MB (  4%) committed 

Chunk freelists:
   Non-Class:  24.00 KB
       Class:  11.00 KB
        Both:  35.00 KB

MaxMetaspaceSize: 17179869184.00 GB
CompressedClassSpaceSize: 1.00 GB
Initial GC threshold: 20.80 MB
Current GC threshold: 58.62 MB
CDS: off

CodeHeap 'non-profiled nmethods': size=238336Kb used=8576Kb max_used=8576Kb free=229759Kb
 bounds [0x000001ceb9430000, 0x000001ceb9ca0000, 0x000001cec7cf0000]
CodeHeap 'non-nmethods': size=7424Kb used=1251Kb max_used=1251Kb free=6172Kb
 bounds [0x000001ceb8cf0000, 0x000001ceb8f60000, 0x000001ceb9430000]
 total_blobs=5741 nmethods=5202 adapters=465
 compilation: enabled
              stopped_count=0, restarted_count=0
 full_count=0

Compilation events (20 events):
Event: 1567.509 Thread 0x000001ced567a800 5194       1       org.apache.coyote.http11.Http11InputBuffer::getParsingRequestLinePhase (5 bytes)
Event: 1567.509 Thread 0x000001ced567a800 nmethod 5194 0x000001ceb9c8e090 code [0x000001ceb9c8e240, 0x000001ceb9c8e2f8]
Event: 1567.509 Thread 0x000001ced567a800 5191       1       org.springframework.web.context.request.ServletRequestAttributes::getResponse (5 bytes)
Event: 1567.510 Thread 0x000001ced567a800 nmethod 5191 0x000001ceb9c8e390 code [0x000001ceb9c8e540, 0x000001ceb9c8e5f8]
Event: 1567.512 Thread 0x000001ced567a800 5195       1       org.apache.tomcat.util.threads.ThreadPoolExecutor::workerCountOf (5 bytes)
Event: 1567.512 Thread 0x000001ced567a800 nmethod 5195 0x000001ceb9c8e690 code [0x000001ceb9c8e840, 0x000001ceb9c8e8d8]
Event: 1567.514 Thread 0x000001ced567a800 5196       1       org.apache.coyote.Request::getServerPort (5 bytes)
Event: 1567.514 Thread 0x000001ced567a800 nmethod 5196 0x000001ceb9c8e990 code [0x000001ceb9c8eb40, 0x000001ceb9c8ebf8]
Event: 1567.515 Thread 0x000001ced567a800 5197       1       org.apache.coyote.Response::getCharacterEncoding (5 bytes)
Event: 1567.516 Thread 0x000001ced567a800 nmethod 5197 0x000001ceb9c8ec90 code [0x000001ceb9c8ee40, 0x000001ceb9c8eef8]
Event: 1567.516 Thread 0x000001ced567a800 5200       1       com.fasterxml.jackson.core.json.UTF8JsonGenerator::writeString (115 bytes)
Event: 1567.517 Thread 0x000001ced567a800 nmethod 5200 0x000001ceb9c8ef90 code [0x000001ceb9c8f1a0, 0x000001ceb9c8f4b8]
Event: 1567.517 Thread 0x000001ced567a800 5201       1       com.fasterxml.jackson.databind.ser.std.StringSerializer::serialize (9 bytes)
Event: 1567.518 Thread 0x000001ced567a800 nmethod 5201 0x000001ceb9c8f710 code [0x000001ceb9c8f8c0, 0x000001ceb9c8f9e8]
Event: 1567.518 Thread 0x000001ced567a800 5198       1       com.example.backendproject.model.Player::getName (5 bytes)
Event: 1567.518 Thread 0x000001ced567a800 nmethod 5198 0x000001ceb9c8fa90 code [0x000001ceb9c8fc40, 0x000001ceb9c8fcf8]
Event: 1567.518 Thread 0x000001ced567a800 5199       1       com.example.backendproject.model.Player::getTypePlayer (5 bytes)
Event: 1567.518 Thread 0x000001ced567a800 nmethod 5199 0x000001ceb9c8fd90 code [0x000001ceb9c8ff40, 0x000001ceb9c8fff8]
Event: 1567.518 Thread 0x000001ced567a800 5202       1       com.fasterxml.jackson.databind.ser.impl.PropertySerializerMap$Single::serializerFor (15 bytes)
Event: 1567.518 Thread 0x000001ced567a800 nmethod 5202 0x000001ceb9c90090 code [0x000001ceb9c90240, 0x000001ceb9c90338]

GC Heap History (12 events):
Event: 1.505 GC heap before
{Heap before GC invocations=0 (full 0):
 garbage-first heap   total 260096K, used 23552K [0x0000000703800000, 0x0000000800000000)
  region size 1024K, 24 young (24576K), 0 survivors (0K)
 Metaspace       used 14362K, capacity 14727K, committed 14976K, reserved 1062912K
  class space    used 1488K, capacity 1634K, committed 1664K, reserved 1048576K
}
Event: 1.511 GC heap after
{Heap after GC invocations=1 (full 0):
 garbage-first heap   total 260096K, used 5510K [0x0000000703800000, 0x0000000800000000)
  region size 1024K, 3 young (3072K), 3 survivors (3072K)
 Metaspace       used 14362K, capacity 14727K, committed 14976K, reserved 1062912K
  class space    used 1488K, capacity 1634K, committed 1664K, reserved 1048576K
}
Event: 1.827 GC heap before
{Heap before GC invocations=1 (full 0):
 garbage-first heap   total 260096K, used 28038K [0x0000000703800000, 0x0000000800000000)
  region size 1024K, 25 young (25600K), 3 survivors (3072K)
 Metaspace       used 17902K, capacity 18388K, committed 18560K, reserved 1064960K
  class space    used 1963K, capacity 2142K, committed 2176K, reserved 1048576K
}
Event: 1.830 GC heap after
{Heap after GC invocations=2 (full 0):
 garbage-first heap   total 260096K, used 6685K [0x0000000703800000, 0x0000000800000000)
  region size 1024K, 2 young (2048K), 2 survivors (2048K)
 Metaspace       used 17902K, capacity 18388K, committed 18560K, reserved 1064960K
  class space    used 1963K, capacity 2142K, committed 2176K, reserved 1048576K
}
Event: 1.998 GC heap before
{Heap before GC invocations=2 (full 0):
 garbage-first heap   total 260096K, used 23069K [0x0000000703800000, 0x0000000800000000)
  region size 1024K, 19 young (19456K), 2 survivors (2048K)
 Metaspace       used 20567K, capacity 21127K, committed 21296K, reserved 1069056K
  class space    used 2336K, capacity 2598K, committed 2688K, reserved 1048576K
}
Event: 2.000 GC heap after
{Heap after GC invocations=3 (full 0):
 garbage-first heap   total 260096K, used 7411K [0x0000000703800000, 0x0000000800000000)
  region size 1024K, 2 young (2048K), 2 survivors (2048K)
 Metaspace       used 20567K, capacity 21127K, committed 21296K, reserved 1069056K
  class space    used 2336K, capacity 2598K, committed 2688K, reserved 1048576K
}
Event: 2.803 GC heap before
{Heap before GC invocations=4 (full 0):
 garbage-first heap   total 260096K, used 96499K [0x0000000703800000, 0x0000000800000000)
  region size 1024K, 89 young (91136K), 2 survivors (2048K)
 Metaspace       used 28790K, capacity 29819K, committed 30000K, reserved 1075200K
  class space    used 3486K, capacity 3880K, committed 3968K, reserved 1048576K
}
Event: 2.808 GC heap after
{Heap after GC invocations=5 (full 0):
 garbage-first heap   total 260096K, used 10815K [0x0000000703800000, 0x0000000800000000)
  region size 1024K, 6 young (6144K), 6 survivors (6144K)
 Metaspace       used 28790K, capacity 29819K, committed 30000K, reserved 1075200K
  class space    used 3486K, capacity 3880K, committed 3968K, reserved 1048576K
}
Event: 3.289 GC heap before
{Heap before GC invocations=5 (full 0):
 garbage-first heap   total 260096K, used 51775K [0x0000000703800000, 0x0000000800000000)
  region size 1024K, 47 young (48128K), 6 survivors (6144K)
 Metaspace       used 34353K, capacity 35613K, committed 35888K, reserved 1081344K
  class space    used 4182K, capacity 4705K, committed 4736K, reserved 1048576K
}
Event: 3.297 GC heap after
{Heap after GC invocations=6 (full 0):
 garbage-first heap   total 260096K, used 14038K [0x0000000703800000, 0x0000000800000000)
  region size 1024K, 9 young (9216K), 9 survivors (9216K)
 Metaspace       used 34353K, capacity 35613K, committed 35888K, reserved 1081344K
  class space    used 4182K, capacity 4705K, committed 4736K, reserved 1048576K
}
Event: 4.359 GC heap before
{Heap before GC invocations=7 (full 0):
 garbage-first heap   total 260096K, used 143062K [0x0000000703800000, 0x0000000800000000)
  region size 1024K, 135 young (138240K), 9 survivors (9216K)
 Metaspace       used 39794K, capacity 41478K, committed 41776K, reserved 1085440K
  class space    used 4991K, capacity 5642K, committed 5760K, reserved 1048576K
}
Event: 4.373 GC heap after
{Heap after GC invocations=8 (full 0):
 garbage-first heap   total 260096K, used 23070K [0x0000000703800000, 0x0000000800000000)
  region size 1024K, 17 young (17408K), 17 survivors (17408K)
 Metaspace       used 39794K, capacity 41478K, committed 41776K, reserved 1085440K
  class space    used 4991K, capacity 5642K, committed 5760K, reserved 1048576K
}

Deoptimization events (4 events):
Event: 3.684 Thread 0x000001ced6c9a000 DEOPT PACKING pc=0x000001ceb976e6ac sp=0x00000084626f9410
Event: 3.684 Thread 0x000001ced6c9a000 DEOPT UNPACKING pc=0x000001ceb8d3a95e sp=0x00000084626f8978 mode 0
Event: 13.545 Thread 0x000001ced7a69800 DEOPT PACKING pc=0x000001ceb95aa7b4 sp=0x00000084631fbc00
Event: 13.545 Thread 0x000001ced7a69800 DEOPT UNPACKING pc=0x000001ceb8d3a95e sp=0x00000084631fb118 mode 0

Classes redefined (0 events):
No events

Internal exceptions (20 events):
Event: 4.354 Thread 0x000001ced6c9a000 Exception <a 'java/lang/ClassNotFoundException'{0x000000070af50660}: org/springframework/boot/devtools/livereload/LiveReloadServerCustomizer> (0x000000070af50660) thrown at [./src/hotspot/share/classfile/systemDictionary.cpp, line 230]
Event: 4.356 Thread 0x000001ced6c9a000 Exception <a 'java/lang/ClassNotFoundException'{0x000000070af5c0c8}: java/lang/ObjectCustomizer> (0x000000070af5c0c8) thrown at [./src/hotspot/share/classfile/systemDictionary.cpp, line 230]
Event: 4.356 Thread 0x000001ced6c9a000 Exception <a 'java/lang/ClassNotFoundException'{0x000000070af71190}: org/springframework/boot/devtools/autoconfigure/OptionalLiveReloadServerCustomizer> (0x000000070af71190) thrown at [./src/hotspot/share/classfile/systemDictionary.cpp, line 230]
Event: 4.357 Thread 0x000001ced6c9a000 Exception <a 'java/lang/ClassNotFoundException'{0x000000070af832f8}: org/springframework/beans/factory/InitializingBeanCustomizer> (0x000000070af832f8) thrown at [./src/hotspot/share/classfile/systemDictionary.cpp, line 230]
Event: 4.376 Thread 0x000001ced6c9a000 Exception <a 'java/lang/ClassNotFoundException'{0x0000000713507968}: java/lang/ObjectCustomizer> (0x0000000713507968) thrown at [./src/hotspot/share/classfile/systemDictionary.cpp, line 230]
Event: 4.376 Thread 0x000001ced6c9a000 Exception <a 'java/lang/ClassNotFoundException'{0x0000000713520d58}: org/springframework/boot/devtools/autoconfigure/LocalDevToolsAutoConfiguration$LiveReloadServerEventListenerCustomizer> (0x0000000713520d58) thrown at [./src/hotspot/share/classfile/systemDictionary.cpp, line 230]
Event: 4.377 Thread 0x000001ced6c9a000 Exception <a 'java/lang/ClassNotFoundException'{0x0000000713537268}: org/springframework/context/event/GenericApplicationListenerCustomizer> (0x0000000713537268) thrown at [./src/hotspot/share/classfile/systemDictionary.cpp, line 230]
Event: 4.377 Thread 0x000001ced6c9a000 Exception <a 'java/lang/ClassNotFoundException'{0x0000000713548d40}: org/springframework/context/event/SmartApplicationListenerCustomizer> (0x0000000713548d40) thrown at [./src/hotspot/share/classfile/systemDictionary.cpp, line 230]
Event: 4.377 Thread 0x000001ced6c9a000 Exception <a 'java/lang/ClassNotFoundException'{0x000000071355ab20}: org/springframework/context/ApplicationListenerCustomizer> (0x000000071355ab20) thrown at [./src/hotspot/share/classfile/systemDictionary.cpp, line 230]
Event: 4.378 Thread 0x000001ced6c9a000 Exception <a 'java/lang/ClassNotFoundException'{0x000000071355dee0}: java/util/EventListenerCustomizer> (0x000000071355dee0) thrown at [./src/hotspot/share/classfile/systemDictionary.cpp, line 230]
Event: 4.378 Thread 0x000001ced6c9a000 Exception <a 'java/lang/ClassNotFoundException'{0x000000071356b3b0}: org/springframework/core/OrderedCustomizer> (0x000000071356b3b0) thrown at [./src/hotspot/share/classfile/systemDictionary.cpp, line 230]
Event: 4.378 Thread 0x000001ced6c9a000 Exception <a 'java/lang/ClassNotFoundException'{0x0000000713571b68}: java/lang/ObjectCustomizer> (0x0000000713571b68) thrown at [./src/hotspot/share/classfile/systemDictionary.cpp, line 230]
Event: 4.379 Thread 0x000001ced6c9a000 Exception <a 'java/lang/ClassNotFoundException'{0x00000007134078b0}: org/springframework/boot/devtools/autoconfigure/LocalDevToolsAutoConfigurationCustomizer> (0x00000007134078b0) thrown at [./src/hotspot/share/classfile/systemDictionary.cpp, line 230]
Event: 4.394 Thread 0x000001ced6c9a000 Exception <a 'java/lang/NoSuchMethodError'{0x0000000713319cc0}: 'java.lang.Object java.lang.invoke.DirectMethodHandle$Holder.invokeSpecial(java.lang.Object, java.lang.Object, int, java.lang.Object, int, java.lang.Object)'> (0x0000000713319cc0) thrown at [./src/hotspot/share/interpreter/linkResolver.cpp, line 773]
Event: 4.395 Thread 0x000001ced6c9a000 Exception <a 'java/lang/NoSuchMethodError'{0x0000000713321450}: 'java.lang.Object java.lang.invoke.DirectMethodHandle$Holder.invokeStatic(java.lang.Object, java.lang.Object, int, java.lang.Object, int)'> (0x0000000713321450) thrown at [./src/hotspot/share/interpreter/linkResolver.cpp, line 773]
Event: 4.395 Thread 0x000001ced6c9a000 Exception <a 'java/lang/NoSuchMethodError'{0x0000000713324c30}: 'java.lang.Object java.lang.invoke.DirectMethodHandle$Holder.invokeSpecial(java.lang.Object, java.lang.Object, java.lang.Object, int, java.lang.Object, int)'> (0x0000000713324c30) thrown at [./src/hotspot/share/interpreter/linkResolver.cpp, line 773]
Event: 4.397 Thread 0x000001ced6c9a000 Exception <a 'java/lang/NoSuchMethodError'{0x0000000713332d00}: 'void java.lang.invoke.DirectMethodHandle$Holder.invokeVirtual(java.lang.Object, java.lang.Object)'> (0x0000000713332d00) thrown at [./src/hotspot/share/interpreter/linkResolver.cpp, line 773]
Event: 13.524 Thread 0x000001ced7a69800 Exception <a 'java/lang/NoSuchMethodError'{0x000000071254e4e8}: 'void java.lang.invoke.DirectMethodHandle$Holder.invokeSpecial(java.lang.Object, java.lang.Object, java.lang.Object, java.lang.Object, java.lang.Object, java.lang.Object, java.lang.Object)'> (0x000000071254e4e8) thrown at [./src/hotspot/share/interpreter/linkResolver.cpp, line 773]
Event: 21.438 Thread 0x000001ced7a6e000 Exception <a 'java/lang/reflect/InvocationTargetException'{0x0000000713299df0}> (0x0000000713299df0) thrown at [./src/hotspot/share/runtime/reflection.cpp, line 1247]
Event: 21.448 Thread 0x000001ced7a6e000 Exception <a 'java/lang/NoClassDefFoundError'{0x0000000711fbc6e0}: sun/reflect/Reflection> (0x0000000711fbc6e0) thrown at [./src/hotspot/share/classfile/systemDictionary.cpp, line 219]

Events (20 events):
Event: 1070.125 Executing VM operation: RevokeBias
Event: 1070.126 Executing VM operation: RevokeBias done
Event: 1070.126 Executing VM operation: RevokeBias
Event: 1070.126 Executing VM operation: RevokeBias done
Event: 1070.128 Executing VM operation: RevokeBias
Event: 1070.128 Executing VM operation: RevokeBias done
Event: 1099.627 Executing VM operation: RevokeBias
Event: 1099.628 Executing VM operation: RevokeBias done
Event: 1335.031 Executing VM operation: RevokeBias
Event: 1335.032 Executing VM operation: RevokeBias done
Event: 1336.190 Executing VM operation: RevokeBias
Event: 1336.190 Executing VM operation: RevokeBias done
Event: 1416.989 Executing VM operation: RevokeBias
Event: 1416.989 Executing VM operation: RevokeBias done
Event: 1477.931 Executing VM operation: RevokeBias
Event: 1477.932 Executing VM operation: RevokeBias done
Event: 1509.162 Executing VM operation: RevokeBias
Event: 1509.162 Executing VM operation: RevokeBias done
Event: 1529.749 Executing VM operation: RevokeBias
Event: 1529.750 Executing VM operation: RevokeBias done


Dynamic libraries:
0x00007ff7cc450000 - 0x00007ff7cc45d000 	C:\Users\sergio.mendez2\.jdks\corretto-11.0.15\bin\java.exe
0x00007ffdc08b0000 - 0x00007ffdc0aa8000 	C:\Windows\SYSTEM32\ntdll.dll
0x00007ffdc0610000 - 0x00007ffdc06cd000 	C:\Windows\System32\KERNEL32.DLL
0x00007ffdc0340000 - 0x00007ffdc060e000 	C:\Windows\System32\KERNELBASE.dll
0x0000000006fa0000 - 0x0000000006fd9000 	C:\Windows\System32\cyinjct.dll
0x00007ffdc01c0000 - 0x00007ffdc01cc000 	C:\Windows\System32\ntnativeapi.dll
0x00007ffd923f0000 - 0x00007ffd92407000 	C:\Users\sergio.mendez2\.jdks\corretto-11.0.15\bin\jli.dll
0x000001ceae5e0000 - 0x000001ceae780000 	C:\Windows\System32\USER32.dll
0x00007ffdbe160000 - 0x00007ffdbe182000 	C:\Windows\System32\win32u.dll
0x00007ffdbe520000 - 0x00007ffdbe54a000 	C:\Windows\System32\GDI32.dll
0x00007ffdbe190000 - 0x00007ffdbe29b000 	C:\Windows\System32\gdi32full.dll
0x00007ffdbdf60000 - 0x00007ffdbdffd000 	C:\Windows\System32\msvcp_win.dll
0x000001ceae780000 - 0x000001ceae880000 	C:\Windows\System32\ucrtbase.dll
0x00007ffd88350000 - 0x00007ffd88369000 	C:\Users\sergio.mendez2\.jdks\corretto-11.0.15\bin\VCRUNTIME140.dll
0x00007ffd9b5f0000 - 0x00007ffd9b88a000 	C:\Windows\WinSxS\amd64_microsoft.windows.common-controls_6595b64144ccf1df_6.0.19041.1110_none_60b5254171f9507e\COMCTL32.dll
0x00007ffdbf370000 - 0x00007ffdbf40e000 	C:\Windows\System32\msvcrt.dll
0x00007ffdc01a0000 - 0x00007ffdc01be000 	C:\Windows\System32\cyvera.dll
0x00007ffdc0130000 - 0x00007ffdc0198000 	C:\Windows\System32\cyvrtrap.dll
0x00007ffdbff30000 - 0x00007ffdbff60000 	C:\Windows\System32\IMM32.DLL
0x00007ffd61db0000 - 0x00007ffd61e4b000 	C:\Users\sergio.mendez2\.jdks\corretto-11.0.15\bin\msvcp140.dll
0x00007ffd38b40000 - 0x00007ffd396c3000 	C:\Users\sergio.mendez2\.jdks\corretto-11.0.15\bin\server\jvm.dll
0x00007ffdbe850000 - 0x00007ffdbe8fe000 	C:\Windows\System32\ADVAPI32.dll
0x00007ffdbf740000 - 0x00007ffdbf7dc000 	C:\Windows\System32\sechost.dll
0x00007ffdc0210000 - 0x00007ffdc0335000 	C:\Windows\System32\RPCRT4.dll
0x00007ffdbe550000 - 0x00007ffdbe558000 	C:\Windows\System32\PSAPI.DLL
0x00007ffdb98e0000 - 0x00007ffdb98e9000 	C:\Windows\SYSTEM32\WSOCK32.dll
0x00007ffdbf300000 - 0x00007ffdbf36b000 	C:\Windows\System32\WS2_32.dll
0x00007ffda31b0000 - 0x00007ffda31d7000 	C:\Windows\SYSTEM32\WINMM.dll
0x00007ffdbcc60000 - 0x00007ffdbcc6a000 	C:\Windows\SYSTEM32\VERSION.dll
0x00007ffdbcc20000 - 0x00007ffdbcc32000 	C:\Windows\SYSTEM32\kernel.appcore.dll
0x00007ffd947e0000 - 0x00007ffd947f0000 	C:\Users\sergio.mendez2\.jdks\corretto-11.0.15\bin\verify.dll
0x00007ffd9e790000 - 0x00007ffd9e974000 	C:\Windows\SYSTEM32\DBGHELP.DLL
0x00007ffd9e290000 - 0x00007ffd9e2bc000 	C:\Windows\SYSTEM32\dbgcore.DLL
0x00007ffdbe410000 - 0x00007ffdbe492000 	C:\Windows\System32\bcryptPrimitives.dll
0x00007ffd82f80000 - 0x00007ffd82fa8000 	C:\Users\sergio.mendez2\.jdks\corretto-11.0.15\bin\java.dll
0x00007ffd92640000 - 0x00007ffd9264a000 	C:\Users\sergio.mendez2\.jdks\corretto-11.0.15\bin\jimage.dll
0x00007ffd926c0000 - 0x00007ffd926ce000 	C:\Users\sergio.mendez2\.jdks\corretto-11.0.15\bin\instrument.dll
0x00007ffdc00f0000 - 0x00007ffdc0127000 	C:\Program Files\Palo Alto Networks\Traps\cyjagent.dll
0x00007ffd82c80000 - 0x00007ffd82c98000 	C:\Users\sergio.mendez2\.jdks\corretto-11.0.15\bin\zip.dll
0x00007ffdbf7e0000 - 0x00007ffdbff24000 	C:\Windows\System32\SHELL32.dll
0x00007ffdbbdb0000 - 0x00007ffdbc544000 	C:\Windows\SYSTEM32\windows.storage.dll
0x00007ffdbeea0000 - 0x00007ffdbf1f4000 	C:\Windows\System32\combase.dll
0x00007ffdbd830000 - 0x00007ffdbd860000 	C:\Windows\SYSTEM32\Wldp.dll
0x00007ffdbe660000 - 0x00007ffdbe70d000 	C:\Windows\System32\SHCORE.dll
0x00007ffdbff60000 - 0x00007ffdbffb5000 	C:\Windows\System32\shlwapi.dll
0x00007ffdbddf0000 - 0x00007ffdbde0f000 	C:\Windows\SYSTEM32\profapi.dll
0x00007ffd7e010000 - 0x00007ffd7e029000 	C:\Users\sergio.mendez2\.jdks\corretto-11.0.15\bin\net.dll
0x00007ffdb41d0000 - 0x00007ffdb42da000 	C:\Windows\SYSTEM32\WINHTTP.dll
0x00007ffdbd5a0000 - 0x00007ffdbd60a000 	C:\Windows\system32\mswsock.dll
0x00007ffd7dff0000 - 0x00007ffd7e003000 	C:\Users\sergio.mendez2\.jdks\corretto-11.0.15\bin\nio.dll
0x00007ffd92680000 - 0x00007ffd9269a000 	C:\Program Files\JetBrains\IntelliJ IDEA 2022.1.3\bin\breakgen64.dll
0x00007ffdbd300000 - 0x00007ffdbd3ca000 	C:\Windows\SYSTEM32\DNSAPI.dll
0x00007ffdbd2b0000 - 0x00007ffdbd2eb000 	C:\Windows\SYSTEM32\IPHLPAPI.DLL
0x00007ffdbe560000 - 0x00007ffdbe568000 	C:\Windows\System32\NSI.dll
0x00007ffdabee0000 - 0x00007ffdabeea000 	C:\Windows\System32\rasadhlp.dll
0x00007ffdb7830000 - 0x00007ffdb78b0000 	C:\Windows\System32\fwpuclnt.dll
0x00007ffdbe4f0000 - 0x00007ffdbe517000 	C:\Windows\System32\bcrypt.dll
0x00007ffd926b0000 - 0x00007ffd926b9000 	C:\Users\sergio.mendez2\.jdks\corretto-11.0.15\bin\management.dll
0x00007ffd926a0000 - 0x00007ffd926ab000 	C:\Users\sergio.mendez2\.jdks\corretto-11.0.15\bin\management_ext.dll
0x00007ffdbd870000 - 0x00007ffdbd888000 	C:\Windows\SYSTEM32\CRYPTSP.dll
0x00007ffdbcee0000 - 0x00007ffdbcf14000 	C:\Windows\system32\rsaenh.dll
0x00007ffdbddb0000 - 0x00007ffdbddde000 	C:\Windows\SYSTEM32\USERENV.dll
0x00007ffdbd7a0000 - 0x00007ffdbd7ac000 	C:\Windows\SYSTEM32\CRYPTBASE.dll
0x00007ffdb78d0000 - 0x00007ffdb78e7000 	C:\Windows\SYSTEM32\dhcpcsvc6.DLL
0x00007ffdb78b0000 - 0x00007ffdb78cd000 	C:\Windows\SYSTEM32\dhcpcsvc.DLL
0x00007ffda2e90000 - 0x00007ffda2ea7000 	C:\Windows\system32\napinsp.dll
0x00007ffda2eb0000 - 0x00007ffda2ecb000 	C:\Windows\system32\pnrpnsp.dll
0x00007ffdb8510000 - 0x00007ffdb8525000 	C:\Windows\system32\wshbth.dll
0x00007ffdb9890000 - 0x00007ffdb98ad000 	C:\Windows\system32\NLAapi.dll
0x00007ffda2ed0000 - 0x00007ffda2ee2000 	C:\Windows\System32\winrnr.dll
0x00007ffd92650000 - 0x00007ffd9265e000 	C:\Users\sergio.mendez2\.jdks\corretto-11.0.15\bin\sunmscapi.dll
0x00007ffdbe000000 - 0x00007ffdbe156000 	C:\Windows\System32\CRYPT32.dll
0x00007ffdbd980000 - 0x00007ffdbd9a7000 	C:\Windows\SYSTEM32\ncrypt.dll
0x00007ffdbd940000 - 0x00007ffdbd97b000 	C:\Windows\SYSTEM32\NTASN1.dll
0x00007ffd92350000 - 0x00007ffd92375000 	C:\Users\sergio.mendez2\.jdks\corretto-11.0.15\bin\sunec.dll

dbghelp: loaded successfully - version: 4.0.5 - missing functions: none
symbol engine: initialized successfully - sym options: 0x614 - pdb path: .;C:\Users\sergio.mendez2\.jdks\corretto-11.0.15\bin;C:\Windows\SYSTEM32;C:\Windows\WinSxS\amd64_microsoft.windows.common-controls_6595b64144ccf1df_6.0.19041.1110_none_60b5254171f9507e;C:\Users\sergio.mendez2\.jdks\corretto-11.0.15\bin\server;C:\Program Files\Palo Alto Networks\Traps;C:\Program Files\JetBrains\IntelliJ IDEA 2022.1.3\bin

VM Arguments:
jvm_args: -XX:TieredStopAtLevel=1 -Xverify:none -Dspring.output.ansi.enabled=always -Dcom.sun.management.jmxremote -Dspring.jmx.enabled=true -Dspring.liveBeansView.mbeanDomain -Dspring.application.admin.enabled=true -javaagent:C:\Program Files\JetBrains\IntelliJ IDEA 2022.1.3\lib\idea_rt.jar=58782:C:\Program Files\JetBrains\IntelliJ IDEA 2022.1.3\bin -Dfile.encoding=UTF-8 -agentpath:C:\Program Files\Palo Alto Networks\Traps\cyjagent.dll 
java_command: com.example.backendproject.BackendProjectApplication
java_class_path (initial): C:\Users\sergio.mendez2\Music\backendProject\target\classes;C:\Users\sergio.mendez2\.m2\repository\org\springframework\boot\spring-boot-starter-tomcat\2.7.3\spring-boot-starter-tomcat-2.7.3.jar;C:\Users\sergio.mendez2\.m2\repository\jakarta\annotation\jakarta.annotation-api\1.3.5\jakarta.annotation-api-1.3.5.jar;C:\Users\sergio.mendez2\.m2\repository\org\apache\tomcat\embed\tomcat-embed-core\9.0.65\tomcat-embed-core-9.0.65.jar;C:\Users\sergio.mendez2\.m2\repository\org\apache\tomcat\embed\tomcat-embed-el\9.0.65\tomcat-embed-el-9.0.65.jar;C:\Users\sergio.mendez2\.m2\repository\org\apache\tomcat\embed\tomcat-embed-websocket\9.0.65\tomcat-embed-websocket-9.0.65.jar;C:\Users\sergio.mendez2\.m2\repository\org\springframework\boot\spring-boot-starter-data-rest\2.7.3\spring-boot-starter-data-rest-2.7.3.jar;C:\Users\sergio.mendez2\.m2\repository\org\springframework\data\spring-data-rest-webmvc\3.7.2\spring-data-rest-webmvc-3.7.2.jar;C:\Users\sergio.mendez2\.m2\repository\org\springframework\data\spring-data-rest-core\3.7.2\spring-data-rest-core-3.7.2.jar;C:\Users\sergio.mendez2\.m2\repository\org\springframework\spring-tx\5.3.22\spring-tx-5.3.22.jar;C:\Users\sergio.mendez2\.m2\repository\org\springframework\hateoas\spring-hateoas\1.5.1\spring-hateoas-1.5.1.jar;C:\Users\sergio.mendez2\.m2\repository\org\springframework\data\spring-data-commons\2.7.2\spring-data-commons-2.7.2.jar;C:\Users\sergio.mendez2\.m2\repository\org\springframework\plugin\spring-plugin-core\2.0.0.RELEASE\spring-plugin-core-2.0.0.RELEASE.jar;C:\Users\sergio.mendez2\.m2\repository\org\atteo\evo-inflector\1.3\evo-inflector-1.3.jar;C:\Users\sergio.mendez2\.m2\repository\com\fasterxml\jackson\core\jackson-databind\2.13.3\jackson-databind-2.13.3.jar;C:\Users\sergio.mendez2\.m2\repository\com\fasterxml\jackson\core\jackson-core\2.13.3\jackson-core-2.13.3.jar;C:\Users\sergio.mendez2\.m2\repository\com\fasterxml\jackson\core\jackson-annotations\2.13.3\jackson-annotations-2.13.3.jar;C
Launcher Type: SUN_STANDARD

[Global flags]
     bool BytecodeVerificationLocal                = false                                     {product} {command line}
     bool BytecodeVerificationRemote               = false                                     {product} {command line}
     intx CICompilerCount                          = 4                                         {product} {ergonomic}
     uint ConcGCThreads                            = 3                                         {product} {ergonomic}
     uint G1ConcRefinementThreads                  = 10                                        {product} {ergonomic}
   size_t G1HeapRegionSize                         = 1048576                                   {product} {ergonomic}
    uintx GCDrainStackTargetSize                   = 64                                        {product} {ergonomic}
   size_t InitialHeapSize                          = 266338304                                 {product} {ergonomic}
     bool ManagementServer                         = true                                      {product} {command line}
   size_t MarkStackSize                            = 4194304                                   {product} {ergonomic}
   size_t MaxHeapSize                              = 4236247040                                {product} {ergonomic}
   size_t MaxNewSize                               = 2541748224                                {product} {ergonomic}
   size_t MinHeapDeltaBytes                        = 1048576                                   {product} {ergonomic}
    uintx NonNMethodCodeHeapSize                   = 7549744                                {pd product} {ergonomic}
    uintx NonProfiledCodeHeapSize                  = 244108496                              {pd product} {ergonomic}
    uintx ProfiledCodeHeapSize                     = 0                                      {pd product} {ergonomic}
    uintx ReservedCodeCacheSize                    = 251658240                              {pd product} {ergonomic}
     bool SegmentedCodeCache                       = true                                      {product} {ergonomic}
     intx TieredStopAtLevel                        = 1                                         {product} {command line}
     bool UseCompressedClassPointers               = true                                 {lp64_product} {ergonomic}
     bool UseCompressedOops                        = true                                 {lp64_product} {ergonomic}
     bool UseG1GC                                  = true                                      {product} {ergonomic}
     bool UseLargePagesIndividualAllocation        = false                                  {pd product} {ergonomic}

Logging:
Log output configuration:
 #0: stdout all=warning uptime,level,tags
 #1: stderr all=off uptime,level,tags

Environment Variables:
JAVA_HOME=C:\Program Files\AdoptOpenJDK\jre-15.0.1.9-hotspot\
PATH=C:\Program Files\Common Files\Oracle\Java\javapath;C:\Program Files\AdoptOpenJDK\jre-15.0.1.9-hotspot\bin;C:\Program Files\AdoptOpenJDK\jre-8.0.275.1-hotspot\bin;C:\Windows\system32;C:\Windows;C:\Windows\System32\Wbem;C:\Windows\System32\WindowsPowerShell\v1.0\;C:\Windows\System32\OpenSSH\;C:\Program Files (x86)\dotnet\;C:\Program Files\dotnet\;C:\Program Files\Docker\Docker\resources\bin;C:\ProgramData\DockerDesktop\version-bin;C:\Program Files\Git\cmd;C:\Program Files\nodejs\;C:\Users\sergio.mendez2\AppData\Local\Microsoft\WindowsApps;;C:\Users\sergio.mendez2\AppData\Local\Programs\Microsoft VS Code\bin;C:\Users\sergio.mendez2\AppData\Roaming\npm
USERNAME=sergio.mendez2
OS=Windows_NT
PROCESSOR_IDENTIFIER=Intel64 Family 6 Model 165 Stepping 3, GenuineIntel



---------------  S Y S T E M  ---------------

OS: Windows 10 , 64 bit Build 19041 (10.0.19041.1889)
OS uptime: 0 days 2:56 hours
Hyper-V role detected

CPU:total 12 (initial active 12) (6 cores per cpu, 2 threads per core) family 6 model 165 stepping 3 microcode 0xf0, cmov, cx8, fxsr, mmx, sse, sse2, sse3, ssse3, sse4.1, sse4.2, popcnt, avx, avx2, aes, clmul, erms, 3dnowpref, lzcnt, ht, tsc, tscinvbit, bmi1, bmi2, adx, fma

Memory: 4k page, system-wide physical 16159M (2578M free)
TotalPageFile size 26399M (AvailPageFile size 8072M)
current process WorkingSet (physical memory assigned to process): 255M, peak: 265M
current process commit charge ("private bytes"): 411M, peak: 411M

vm_info: OpenJDK 64-Bit Server VM (11.0.15+9-LTS) for windows-amd64 JRE (11.0.15+9-LTS), built on Apr 15 2022 22:20:31 by "Administrator" with unknown MS VC++:1916

END.
